  main.cpp
  TDynamicMatrix.cpp
C:\Microsoft Visual Studio\Visual Studio 2022\Other\Laboratory Work 2\Laboratory Work 2\TDynamicVector.cpp(146,43): warning C4297: TDynamicVector<int>::operator *: ожидается, что функция не будет выдавать исключения, но она это делает
  (компиляция исходного файла "main.cpp")
  C:\Microsoft Visual Studio\Visual Studio 2022\Other\Laboratory Work 2\Laboratory Work 2\TDynamicVector.cpp(146,43):
  для функции указан атрибут __declspec(nothrow), throw(), noexcept(true) или noexcept
  C:\Microsoft Visual Studio\Visual Studio 2022\Other\Laboratory Work 2\Laboratory Work 2\TDynamicVector.cpp(146,43):
  контекст создания экземпляра шаблона (сначала самый старый)
  	C:\Microsoft Visual Studio\Visual Studio 2022\Other\Laboratory Work 2\Laboratory Work 2\test_Vector&Matrix.h(10,22):
  	выполняется компиляция ссылки на экземпляр класс шаблон функции "TDynamicVector<int>"
  	C:\Microsoft Visual Studio\Visual Studio 2022\Other\Laboratory Work 2\Laboratory Work 2\TDynamicVector.cpp(145,111):
  	во время компиляции функции-члена класс шаблон "m_Type TDynamicVector<m_Type>::operator *(const TDynamicVector<m_Type> &) noexcept"
          with
          [
              m_Type=int
          ]
  		C:\Microsoft Visual Studio\Visual Studio 2022\Other\Laboratory Work 2\Laboratory Work 2\test_Vector&Matrix.h(29,21):
  		см. первую ссылку на "TDynamicVector<int>::operator *" в "testVector"
  
  TDynamicVector.cpp
  test_Vector&Matrix.h
C:\Microsoft Visual Studio\Visual Studio 2022\Other\Laboratory Work 2\Laboratory Work 2\TDynamicVector.cpp(146,43): warning C4297: TDynamicVector<int>::operator *: ожидается, что функция не будет выдавать исключения, но она это делает
  (компиляция исходного файла "test_Vector&Matrix.h")
  C:\Microsoft Visual Studio\Visual Studio 2022\Other\Laboratory Work 2\Laboratory Work 2\TDynamicVector.cpp(146,43):
  для функции указан атрибут __declspec(nothrow), throw(), noexcept(true) или noexcept
  C:\Microsoft Visual Studio\Visual Studio 2022\Other\Laboratory Work 2\Laboratory Work 2\TDynamicVector.cpp(146,43):
  контекст создания экземпляра шаблона (сначала самый старый)
  	C:\Microsoft Visual Studio\Visual Studio 2022\Other\Laboratory Work 2\Laboratory Work 2\test_Vector&Matrix.h(10,22):
  	выполняется компиляция ссылки на экземпляр класс шаблон функции "TDynamicVector<int>"
  	C:\Microsoft Visual Studio\Visual Studio 2022\Other\Laboratory Work 2\Laboratory Work 2\TDynamicVector.cpp(145,111):
  	во время компиляции функции-члена класс шаблон "m_Type TDynamicVector<m_Type>::operator *(const TDynamicVector<m_Type> &) noexcept"
          with
          [
              m_Type=int
          ]
  		C:\Microsoft Visual Studio\Visual Studio 2022\Other\Laboratory Work 2\Laboratory Work 2\test_Vector&Matrix.h(29,21):
  		см. первую ссылку на "TDynamicVector<int>::operator *" в "testVector"
  
  Создание кода...
  Laboratory Work 2.vcxproj -> C:\Microsoft Visual Studio\Visual Studio 2022\Other\Laboratory Work 2\x64\Debug\Laboratory Work 2.exe
